<?xml version="1.0" encoding="UTF-8"?>
<!-- Generated by org.testng.reporters.JUnitReportReporter -->
<testsuite skipped="0" hostname="DESKTOP-85O4IHO" name="com.stest.AppTest" tests="1" failures="0" timestamp="2022-03-05T18:22:44 EST" time="4.634" errors="0">
  <testcase name="login" time="4.634" classname="com.stest.AppTest"/>
  <system-out/>
</testsuite> <!-- com.stest.AppTest -->
