<?xml version="1.0" encoding="UTF-8"?>
<!-- Generated by org.testng.reporters.JUnitReportReporter -->
<testsuite skipped="0" hostname="DESKTOP-85O4IHO" name="com.stest.ExtentReportSample" tests="1" failures="0" timestamp="2022-03-10T17:35:08 EST" time="7.124" errors="0">
  <testcase name="loginPageHRM" time="7.124" classname="com.stest.ExtentReportSample"/>
  <system-out/>
</testsuite> <!-- com.stest.ExtentReportSample -->
