<?xml version="1.0" encoding="UTF-8"?>
<!-- Generated by org.testng.reporters.JUnitReportReporter -->
<testsuite skipped="0" hostname="DESKTOP-85O4IHO" name="com.stest.LoginHRMExcelBook" tests="3" failures="0" timestamp="2022-03-10T17:38:53 EST" time="16.837" errors="0">
  <testcase name="ihgLogin" time="7.309" classname="com.stest.LoginHRMExcelBook"/>
  <system-out/>
  <testcase name="ihgLogin" time="4.670" classname="com.stest.LoginHRMExcelBook"/>
  <system-out/>
  <testcase name="ihgLogin" time="4.858" classname="com.stest.LoginHRMExcelBook"/>
  <system-out/>
</testsuite> <!-- com.stest.LoginHRMExcelBook -->
