<?xml version="1.0" encoding="UTF-8"?>
<!-- Generated by org.testng.reporters.JUnitReportReporter -->
<testsuite skipped="0" hostname="DESKTOP-85O4IHO" name="com.stest.ValidHRMLoginTest" tests="1" failures="0" timestamp="2022-03-09T11:50:50 EST" time="4.679" errors="0">
  <testcase name="login" time="4.679" classname="com.stest.ValidHRMLoginTest"/>
  <system-out/>
</testsuite> <!-- com.stest.ValidHRMLoginTest -->
