<?xml version="1.0" encoding="UTF-8"?>
<!-- Generated by org.testng.reporters.JUnitReportReporter -->
<testsuite skipped="0" hostname="DESKTOP-85O4IHO" name="com.stest.LoginHRM" tests="1" failures="0" timestamp="2022-03-07T20:38:54 EST" time="4.689" errors="0">
  <testcase name="login" time="4.689" classname="com.stest.LoginHRM"/>
  <system-out/>
</testsuite> <!-- com.stest.LoginHRM -->
