<?xml version="1.0" encoding="UTF-8"?>
<!-- Generated by org.testng.reporters.JUnitReportReporter -->
<testsuite skipped="0" hostname="DESKTOP-85O4IHO" name="com.stest.ExcelBook" tests="1" failures="0" timestamp="2022-03-09T19:38:26 EST" time="0.749" errors="0">
  <testcase name="excel" time="0.749" classname="com.stest.ExcelBook"/>
  <system-out/>
</testsuite> <!-- com.stest.ExcelBook -->
