<?xml version="1.0" encoding="UTF-8"?>
<!-- Generated by org.testng.reporters.JUnitReportReporter -->
<testsuite skipped="0" hostname="DESKTOP-85O4IHO" name="com.stest.Frame" tests="1" failures="0" timestamp="2022-03-05T18:22:44 EST" time="5.583" errors="0">
  <testcase name="frame" time="5.583" classname="com.stest.Frame"/>
  <system-out/>
</testsuite> <!-- com.stest.Frame -->
